{"total": {"lines":{"total":649,"covered":567,"skipped":0,"pct":87.36},"statements":{"total":672,"covered":587,"skipped":0,"pct":87.35},"functions":{"total":235,"covered":214,"skipped":0,"pct":91.06},"branches":{"total":373,"covered":305,"skipped":0,"pct":81.76},"branchesTrue":{"total":0,"covered":0,"skipped":0,"pct":"Unknown"}}
,"/Users/taaliman/projects/omnitron-dev/omni/packages/titan/src/errors/codes.ts": {"lines":{"total":75,"covered":75,"skipped":0,"pct":100},"functions":{"total":8,"covered":8,"skipped":0,"pct":100},"statements":{"total":82,"covered":82,"skipped":0,"pct":100},"branches":{"total":42,"covered":42,"skipped":0,"pct":100}}
,"/Users/taaliman/projects/omnitron-dev/omni/packages/titan/src/errors/contract.ts": {"lines":{"total":56,"covered":14,"skipped":0,"pct":25},"functions":{"total":15,"covered":2,"skipped":0,"pct":13.33},"statements":{"total":57,"covered":14,"skipped":0,"pct":24.56},"branches":{"total":26,"covered":7,"skipped":0,"pct":26.92}}
,"/Users/taaliman/projects/omnitron-dev/omni/packages/titan/src/errors/core.ts": {"lines":{"total":97,"covered":86,"skipped":0,"pct":88.65},"functions":{"total":26,"covered":23,"skipped":0,"pct":88.46},"statements":{"total":99,"covered":88,"skipped":0,"pct":88.88},"branches":{"total":42,"covered":32,"skipped":0,"pct":76.19}}
,"/Users/taaliman/projects/omnitron-dev/omni/packages/titan/src/errors/factories.ts": {"lines":{"total":58,"covered":58,"skipped":0,"pct":100},"functions":{"total":44,"covered":44,"skipped":0,"pct":100},"statements":{"total":58,"covered":58,"skipped":0,"pct":100},"branches":{"total":29,"covered":29,"skipped":0,"pct":100}}
,"/Users/taaliman/projects/omnitron-dev/omni/packages/titan/src/errors/http.ts": {"lines":{"total":67,"covered":67,"skipped":0,"pct":100},"functions":{"total":33,"covered":33,"skipped":0,"pct":100},"statements":{"total":67,"covered":67,"skipped":0,"pct":100},"branches":{"total":42,"covered":42,"skipped":0,"pct":100}}
,"/Users/taaliman/projects/omnitron-dev/omni/packages/titan/src/errors/netron.ts": {"lines":{"total":45,"covered":45,"skipped":0,"pct":100},"functions":{"total":29,"covered":29,"skipped":0,"pct":100},"statements":{"total":45,"covered":45,"skipped":0,"pct":100},"branches":{"total":6,"covered":6,"skipped":0,"pct":100}}
,"/Users/taaliman/projects/omnitron-dev/omni/packages/titan/src/errors/transport.ts": {"lines":{"total":75,"covered":70,"skipped":0,"pct":93.33},"functions":{"total":18,"covered":18,"skipped":0,"pct":100},"statements":{"total":77,"covered":71,"skipped":0,"pct":92.2},"branches":{"total":61,"covered":46,"skipped":0,"pct":75.4}}
,"/Users/taaliman/projects/omnitron-dev/omni/packages/titan/src/errors/utils.ts": {"lines":{"total":110,"covered":86,"skipped":0,"pct":78.18},"functions":{"total":35,"covered":30,"skipped":0,"pct":85.71},"statements":{"total":118,"covered":93,"skipped":0,"pct":78.81},"branches":{"total":85,"covered":65,"skipped":0,"pct":76.47}}
,"/Users/taaliman/projects/omnitron-dev/omni/packages/titan/src/errors/validation.ts": {"lines":{"total":66,"covered":66,"skipped":0,"pct":100},"functions":{"total":27,"covered":27,"skipped":0,"pct":100},"statements":{"total":69,"covered":69,"skipped":0,"pct":100},"branches":{"total":40,"covered":36,"skipped":0,"pct":90}}
}
