TN:
SF:src/errors/codes.ts
FN:10,(anonymous_0)
FN:74,(anonymous_1)
FN:87,getErrorCategory
FN:105,isClientError
FN:112,isServerError
FN:119,isRetryableError
FN:135,getErrorName
FN:170,getDefaultMessage
FNF:8
FNH:8
FNDA:8,(anonymous_0)
FNDA:8,(anonymous_1)
FNDA:324,getErrorCategory
FNDA:9,isClientError
FNDA:8,isServerError
FNDA:26,isRetryableError
FNDA:34,getErrorName
FNDA:47,getDefaultMessage
DA:10,8
DA:12,8
DA:13,8
DA:14,8
DA:15,8
DA:18,8
DA:19,8
DA:20,8
DA:21,8
DA:22,8
DA:23,8
DA:24,8
DA:25,8
DA:26,8
DA:27,8
DA:28,8
DA:29,8
DA:30,8
DA:31,8
DA:32,8
DA:33,8
DA:34,8
DA:35,8
DA:36,8
DA:37,8
DA:38,8
DA:39,8
DA:40,8
DA:41,8
DA:42,8
DA:43,8
DA:44,8
DA:45,8
DA:46,8
DA:49,8
DA:50,8
DA:51,8
DA:52,8
DA:53,8
DA:54,8
DA:55,8
DA:56,8
DA:57,8
DA:58,8
DA:59,8
DA:62,8
DA:63,8
DA:64,8
DA:65,8
DA:66,8
DA:67,8
DA:68,8
DA:74,8
DA:75,8
DA:76,8
DA:77,8
DA:78,8
DA:79,8
DA:80,8
DA:81,8
DA:88,324
DA:91,320
DA:92,292
DA:93,277
DA:94,251
DA:97,235
DA:98,107
DA:99,8
DA:106,9
DA:113,8
DA:120,26
DA:136,34
DA:164,34
DA:171,47
DA:194,47
LF:75
LH:75
BRDA:10,0,0,8
BRDA:10,0,1,8
BRDA:74,1,0,8
BRDA:74,1,1,8
BRDA:88,2,0,4
BRDA:88,2,1,320
BRDA:88,3,0,324
BRDA:88,3,1,324
BRDA:91,4,0,28
BRDA:91,4,1,292
BRDA:91,5,0,320
BRDA:91,5,1,293
BRDA:92,6,0,15
BRDA:92,6,1,277
BRDA:93,7,0,26
BRDA:93,7,1,251
BRDA:94,8,0,16
BRDA:94,8,1,235
BRDA:97,9,0,128
BRDA:97,9,1,107
BRDA:97,10,0,235
BRDA:97,10,1,235
BRDA:98,11,0,99
BRDA:98,11,1,8
BRDA:98,12,0,107
BRDA:98,12,1,107
BRDA:106,13,0,9
BRDA:106,13,1,7
BRDA:113,14,0,8
BRDA:113,14,1,6
BRDA:121,15,0,26
BRDA:121,15,1,25
BRDA:121,15,2,23
BRDA:121,15,3,22
BRDA:121,15,4,21
BRDA:121,15,5,11
BRDA:121,15,6,10
BRDA:121,15,7,9
BRDA:164,16,0,34
BRDA:164,16,1,2
BRDA:194,17,0,47
BRDA:194,17,1,2
BRF:42
BRH:42
end_of_record
TN:
SF:src/errors/contract.ts
FN:16,(anonymous_0)
FN:31,(anonymous_1)
FN:74,(anonymous_2)
FN:116,createErrorHandler
FN:120,(anonymous_4)
FN:129,(anonymous_5)
FN:134,(anonymous_6)
FN:148,(anonymous_7)
FN:158,ContractMethod
FN:162,(anonymous_9)
FN:169,(anonymous_10)
FN:204,validateErrorResponse
FN:231,extractErrorCodes
FN:251,generateErrorDocs
FN:259,(anonymous_14)
FNF:15
FNH:2
FNDA:1,(anonymous_0)
FNDA:3,(anonymous_1)
FNDA:0,(anonymous_2)
FNDA:0,createErrorHandler
FNDA:0,(anonymous_4)
FNDA:0,(anonymous_5)
FNDA:0,(anonymous_6)
FNDA:0,(anonymous_7)
FNDA:0,ContractMethod
FNDA:0,(anonymous_9)
FNDA:0,(anonymous_10)
FNDA:0,validateErrorResponse
FNDA:0,extractErrorCodes
FNDA:0,generateErrorDocs
FNDA:0,(anonymous_14)
DA:22,1
DA:23,1
DA:24,1
DA:25,1
DA:41,3
DA:43,3
DA:44,0
DA:47,3
DA:48,0
DA:51,3
DA:52,3
DA:53,1
DA:57,2
DA:58,2
DA:59,1
DA:62,1
DA:75,0
DA:120,0
DA:121,0
DA:129,0
DA:142,0
DA:151,0
DA:162,0
DA:167,0
DA:169,0
DA:170,0
DA:171,0
DA:174,0
DA:175,0
DA:179,0
DA:180,0
DA:181,0
DA:182,0
DA:193,0
DA:197,0
DA:213,0
DA:215,0
DA:216,0
DA:219,0
DA:220,0
DA:221,0
DA:224,0
DA:225,0
DA:234,0
DA:236,0
DA:237,0
DA:238,0
DA:239,0
DA:240,0
DA:245,0
DA:254,0
DA:256,0
DA:257,0
DA:258,0
DA:259,0
DA:266,0
LF:56
LH:14
BRDA:43,0,0,0
BRDA:43,0,1,3
BRDA:47,1,0,0
BRDA:47,1,1,3
BRDA:52,2,0,1
BRDA:52,2,1,2
BRDA:58,3,0,1
BRDA:58,3,1,1
BRDA:64,4,0,1
BRDA:64,4,1,0
BRDA:174,5,0,0
BRDA:174,5,1,0
BRDA:179,6,0,0
BRDA:179,6,1,0
BRDA:181,7,0,0
BRDA:181,7,1,0
BRDA:181,8,0,0
BRDA:181,8,1,0
BRDA:215,9,0,0
BRDA:215,9,1,0
BRDA:220,10,0,0
BRDA:220,10,1,0
BRDA:238,11,0,0
BRDA:238,11,1,0
BRDA:258,12,0,0
BRDA:258,12,1,0
BRF:26
BRH:7
end_of_record
TN:
SF:src/errors/core.ts
FN:98,(anonymous_0)
FN:134,(anonymous_1)
FN:141,(anonymous_2)
FN:151,(anonymous_3)
FN:162,(anonymous_4)
FN:171,(anonymous_5)
FN:178,(anonymous_6)
FN:192,(anonymous_7)
FN:194,(anonymous_8)
FN:213,(anonymous_9)
FN:225,(anonymous_10)
FN:232,(anonymous_11)
FN:239,(anonymous_12)
FN:266,(anonymous_13)
FN:285,(anonymous_14)
FN:301,(anonymous_15)
FN:322,(anonymous_16)
FN:328,(anonymous_17)
FN:342,(anonymous_18)
FN:360,(anonymous_19)
FN:368,(anonymous_20)
FN:372,(anonymous_21)
FN:394,(anonymous_22)
FN:404,createError
FN:411,isErrorCode
FN:418,ensureError
FNF:26
FNH:23
FNDA:297,(anonymous_0)
FNDA:30,(anonymous_1)
FNDA:2,(anonymous_2)
FNDA:1,(anonymous_3)
FNDA:297,(anonymous_4)
FNDA:1,(anonymous_5)
FNDA:1,(anonymous_6)
FNDA:1,(anonymous_7)
FNDA:2,(anonymous_8)
FNDA:1,(anonymous_9)
FNDA:2,(anonymous_10)
FNDA:11,(anonymous_11)
FNDA:1,(anonymous_12)
FNDA:10016,(anonymous_13)
FNDA:0,(anonymous_14)
FNDA:0,(anonymous_15)
FNDA:2,(anonymous_16)
FNDA:3,(anonymous_17)
FNDA:5,(anonymous_18)
FNDA:1,(anonymous_19)
FNDA:2,(anonymous_20)
FNDA:3,(anonymous_21)
FNDA:1,(anonymous_22)
FNDA:31,createError
FNDA:2,isErrorCode
FNDA:0,ensureError
DA:85,7
DA:93,7
DA:96,7
DA:99,297
DA:100,297
DA:102,297
DA:103,297
DA:104,297
DA:105,297
DA:106,297
DA:107,297
DA:108,297
DA:109,297
DA:110,297
DA:111,297
DA:112,297
DA:115,297
DA:116,22
DA:120,297
DA:123,297
DA:124,22
DA:128,297
DA:135,30
DA:142,2
DA:143,1
DA:145,2
DA:152,1
DA:153,1
DA:154,0
DA:156,1
DA:163,297
DA:164,297
DA:165,297
DA:172,1
DA:179,1
DA:188,1
DA:189,1
DA:191,1
DA:192,1
DA:194,2
DA:200,1
DA:214,1
DA:226,2
DA:233,11
DA:240,1
DA:241,0
DA:245,1
DA:246,1
DA:247,1
DA:255,0
DA:267,10016
DA:286,0
DA:302,0
DA:323,2
DA:326,2
DA:327,1
DA:328,1
DA:329,3
DA:330,3
DA:331,2
DA:332,2
DA:336,2
DA:338,2
DA:342,5
DA:347,2
DA:348,2
DA:349,2
DA:357,1
DA:361,1
DA:363,1
DA:364,10
DA:369,2
DA:373,3
DA:374,3
DA:375,0
DA:378,3
DA:379,3
DA:380,3
DA:381,3
DA:382,3
DA:383,3
DA:384,3
DA:385,3
DA:386,3
DA:387,3
DA:388,3
DA:389,3
DA:391,3
DA:395,1
DA:396,1
DA:405,31
DA:412,2
DA:419,0
DA:420,0
DA:423,0
DA:424,0
DA:431,0
LF:97
LH:86
BRDA:99,0,0,297
BRDA:99,0,1,31
BRDA:106,1,0,297
BRDA:106,1,1,219
BRDA:107,2,0,297
BRDA:107,2,1,294
BRDA:115,3,0,22
BRDA:115,3,1,275
BRDA:123,4,0,22
BRDA:123,4,1,275
BRDA:123,5,0,297
BRDA:123,5,1,22
BRDA:142,6,0,1
BRDA:142,6,1,1
BRDA:153,7,0,0
BRDA:153,7,1,1
BRDA:164,8,0,297
BRDA:164,8,1,64
BRDA:165,9,0,297
BRDA:165,9,1,32
BRDA:240,10,0,0
BRDA:240,10,1,1
BRDA:245,11,0,1
BRDA:245,11,1,0
BRDA:246,12,0,1
BRDA:246,12,1,0
BRDA:326,13,0,1
BRDA:326,13,1,1
BRDA:330,14,0,1
BRDA:330,14,1,2
BRDA:374,15,0,0
BRDA:374,15,1,3
BRDA:381,16,0,3
BRDA:381,16,1,3
BRDA:395,17,0,1
BRDA:395,17,1,0
BRDA:412,18,0,2
BRDA:412,18,1,2
BRDA:419,19,0,0
BRDA:419,19,1,0
BRDA:423,20,0,0
BRDA:423,20,1,0
BRF:42
BRH:32
end_of_record
TN:
SF:src/errors/factories.ts
FN:34,(anonymous_0)
FN:41,(anonymous_1)
FN:52,(anonymous_2)
FN:63,(anonymous_3)
FN:74,(anonymous_4)
FN:86,(anonymous_5)
FN:97,(anonymous_6)
FN:104,(anonymous_7)
FN:115,(anonymous_8)
FN:126,(anonymous_9)
FN:137,(anonymous_10)
FN:144,(anonymous_11)
FN:160,(anonymous_12)
FN:167,(anonymous_13)
FN:174,(anonymous_14)
FN:181,(anonymous_15)
FN:188,(anonymous_16)
FN:195,(anonymous_17)
FN:202,(anonymous_18)
FN:209,(anonymous_19)
FN:216,(anonymous_20)
FN:223,(anonymous_21)
FN:230,(anonymous_22)
FN:237,(anonymous_23)
FN:244,(anonymous_24)
FN:251,(anonymous_25)
FN:258,(anonymous_26)
FN:265,(anonymous_27)
FN:277,(anonymous_28)
FN:284,(anonymous_29)
FN:291,(anonymous_30)
FN:298,(anonymous_31)
FN:305,(anonymous_32)
FN:312,(anonymous_33)
FN:319,(anonymous_34)
FN:326,(anonymous_35)
FN:338,(anonymous_36)
FN:345,(anonymous_37)
FN:352,(anonymous_38)
FN:359,(anonymous_39)
FN:367,toTitanError
FN:389,assert
FN:409,assertDefined
FN:424,assertType
FNF:44
FNH:44
FNDA:2,(anonymous_0)
FNDA:2,(anonymous_1)
FNDA:1,(anonymous_2)
FNDA:1,(anonymous_3)
FNDA:2,(anonymous_4)
FNDA:1,(anonymous_5)
FNDA:1,(anonymous_6)
FNDA:2,(anonymous_7)
FNDA:1,(anonymous_8)
FNDA:2,(anonymous_9)
FNDA:2,(anonymous_10)
FNDA:1,(anonymous_11)
FNDA:1,(anonymous_12)
FNDA:1,(anonymous_13)
FNDA:1,(anonymous_14)
FNDA:1,(anonymous_15)
FNDA:1,(anonymous_16)
FNDA:1,(anonymous_17)
FNDA:1,(anonymous_18)
FNDA:1,(anonymous_19)
FNDA:1,(anonymous_20)
FNDA:1,(anonymous_21)
FNDA:1,(anonymous_22)
FNDA:1,(anonymous_23)
FNDA:1,(anonymous_24)
FNDA:1,(anonymous_25)
FNDA:1,(anonymous_26)
FNDA:1,(anonymous_27)
FNDA:2,(anonymous_28)
FNDA:1,(anonymous_29)
FNDA:1,(anonymous_30)
FNDA:1,(anonymous_31)
FNDA:1,(anonymous_32)
FNDA:1,(anonymous_33)
FNDA:2,(anonymous_34)
FNDA:2,(anonymous_35)
FNDA:2,(anonymous_36)
FNDA:2,(anonymous_37)
FNDA:1,(anonymous_38)
FNDA:2,(anonymous_39)
FNDA:5,toTitanError
FNDA:4,assert
FNDA:7,assertDefined
FNDA:4,assertType
DA:30,2
DA:35,2
DA:42,2
DA:53,1
DA:64,1
DA:75,2
DA:76,2
DA:87,1
DA:98,1
DA:105,2
DA:116,1
DA:127,2
DA:138,2
DA:145,1
DA:156,2
DA:161,1
DA:168,1
DA:175,1
DA:182,1
DA:189,1
DA:196,1
DA:203,1
DA:210,1
DA:217,1
DA:224,1
DA:231,1
DA:238,1
DA:245,1
DA:252,1
DA:259,1
DA:266,1
DA:273,2
DA:278,2
DA:285,1
DA:292,1
DA:299,1
DA:306,1
DA:313,1
DA:320,2
DA:327,2
DA:334,2
DA:339,2
DA:346,2
DA:353,1
DA:360,2
DA:368,5
DA:369,1
DA:372,4
DA:373,1
DA:380,3
DA:394,4
DA:395,3
DA:396,2
DA:402,1
DA:413,7
DA:414,3
DA:429,4
DA:430,2
LF:58
LH:58
BRDA:41,0,0,1
BRDA:52,1,0,1
BRDA:63,2,0,1
BRDA:75,3,0,1
BRDA:75,3,1,1
BRDA:104,4,0,1
BRDA:129,5,0,1
BRDA:129,5,1,1
BRDA:284,6,0,1
BRDA:291,7,0,1
BRDA:298,8,0,1
BRDA:305,9,0,1
BRDA:312,10,0,1
BRDA:326,11,0,1
BRDA:338,12,0,1
BRDA:368,13,0,1
BRDA:368,13,1,4
BRDA:372,14,0,1
BRDA:372,14,1,3
BRDA:394,15,0,3
BRDA:394,15,1,1
BRDA:395,16,0,2
BRDA:395,16,1,1
BRDA:413,17,0,3
BRDA:413,17,1,4
BRDA:413,18,0,7
BRDA:413,18,1,5
BRDA:429,19,0,2
BRDA:429,19,1,2
BRF:29
BRH:29
end_of_record
TN:
SF:src/errors/http.ts
FN:12,(anonymous_0)
FN:29,(anonymous_1)
FN:33,(anonymous_2)
FN:37,(anonymous_3)
FN:41,(anonymous_4)
FN:45,(anonymous_5)
FN:49,(anonymous_6)
FN:53,(anonymous_7)
FN:57,(anonymous_8)
FN:61,(anonymous_9)
FN:65,(anonymous_10)
FN:69,(anonymous_11)
FN:73,(anonymous_12)
FN:77,(anonymous_13)
FN:84,(anonymous_14)
FN:117,(anonymous_15)
FN:135,(anonymous_16)
FN:153,(anonymous_17)
FN:174,(anonymous_18)
FN:186,(anonymous_19)
FN:198,(anonymous_20)
FN:207,(anonymous_21)
FN:224,(anonymous_22)
FN:242,(anonymous_23)
FN:253,(anonymous_24)
FN:263,(anonymous_25)
FN:273,(anonymous_26)
FN:291,(anonymous_27)
FN:309,(anonymous_28)
FN:326,(anonymous_29)
FN:344,(anonymous_30)
FN:369,(anonymous_31)
FN:388,(anonymous_32)
FNF:33
FNH:33
FNDA:71,(anonymous_0)
FNDA:2,(anonymous_1)
FNDA:2,(anonymous_2)
FNDA:2,(anonymous_3)
FNDA:3,(anonymous_4)
FNDA:1,(anonymous_5)
FNDA:2,(anonymous_6)
FNDA:1,(anonymous_7)
FNDA:1,(anonymous_8)
FNDA:3,(anonymous_9)
FNDA:1,(anonymous_10)
FNDA:1,(anonymous_11)
FNDA:1,(anonymous_12)
FNDA:1,(anonymous_13)
FNDA:5,(anonymous_14)
FNDA:3,(anonymous_15)
FNDA:1,(anonymous_16)
FNDA:6,(anonymous_17)
FNDA:1,(anonymous_18)
FNDA:2,(anonymous_19)
FNDA:1,(anonymous_20)
FNDA:1,(anonymous_21)
FNDA:16,(anonymous_22)
FNDA:4,(anonymous_23)
FNDA:4,(anonymous_24)
FNDA:2,(anonymous_25)
FNDA:4,(anonymous_26)
FNDA:7,(anonymous_27)
FNDA:4,(anonymous_28)
FNDA:1,(anonymous_29)
FNDA:10,(anonymous_30)
FNDA:2,(anonymous_31)
FNDA:1,(anonymous_32)
DA:17,71
DA:23,71
DA:30,2
DA:34,2
DA:38,2
DA:42,3
DA:46,1
DA:50,2
DA:54,1
DA:58,1
DA:62,3
DA:66,1
DA:70,1
DA:74,1
DA:78,1
DA:85,5
DA:101,5
DA:127,3
DA:129,3
DA:130,3
DA:131,3
DA:132,3
DA:136,1
DA:163,6
DA:165,6
DA:166,6
DA:167,6
DA:168,6
DA:175,1
DA:187,2
DA:199,1
DA:208,1
DA:232,16
DA:234,16
DA:235,16
DA:236,16
DA:243,4
DA:254,4
DA:264,2
DA:274,4
DA:275,1
DA:277,3
DA:278,1
DA:280,2
DA:299,7
DA:301,7
DA:302,7
DA:303,7
DA:313,4
DA:327,1
DA:354,10
DA:359,10
DA:360,10
DA:361,10
DA:362,10
DA:363,10
DA:370,2
DA:372,2
DA:373,1
DA:375,2
DA:376,1
DA:378,2
DA:379,1
DA:381,2
DA:382,1
DA:385,2
DA:389,1
LF:67
LH:67
BRDA:29,0,0,1
BRDA:33,1,0,1
BRDA:37,2,0,1
BRDA:41,3,0,1
BRDA:45,4,0,1
BRDA:49,5,0,1
BRDA:53,6,0,1
BRDA:57,7,0,1
BRDA:61,8,0,1
BRDA:65,9,0,1
BRDA:69,10,0,1
BRDA:73,11,0,1
BRDA:77,12,0,1
BRDA:103,13,0,5
BRDA:103,13,1,3
BRDA:103,13,2,1
BRDA:189,14,0,2
BRDA:189,14,1,1
BRDA:225,15,0,2
BRDA:242,16,0,1
BRDA:255,17,0,4
BRDA:255,17,1,2
BRDA:274,18,0,1
BRDA:274,18,1,3
BRDA:274,19,0,4
BRDA:274,19,1,1
BRDA:277,20,0,1
BRDA:277,20,1,2
BRDA:277,21,0,3
BRDA:277,21,1,1
BRDA:280,22,0,2
BRDA:280,22,1,1
BRDA:292,23,0,1
BRDA:345,24,0,2
BRDA:372,25,0,1
BRDA:372,25,1,1
BRDA:375,26,0,1
BRDA:375,26,1,1
BRDA:378,27,0,1
BRDA:378,27,1,1
BRDA:381,28,0,1
BRDA:381,28,1,1
BRF:42
BRH:42
end_of_record
TN:
SF:src/errors/netron.ts
FN:16,(anonymous_0)
FN:30,(anonymous_1)
FN:44,(anonymous_2)
FN:54,(anonymous_3)
FN:63,(anonymous_4)
FN:74,(anonymous_5)
FN:86,(anonymous_6)
FN:101,(anonymous_7)
FN:114,(anonymous_8)
FN:126,(anonymous_9)
FN:135,(anonymous_10)
FN:148,(anonymous_11)
FN:160,(anonymous_12)
FN:171,(anonymous_13)
FN:183,(anonymous_14)
FN:198,(anonymous_15)
FN:213,(anonymous_16)
FN:226,(anonymous_17)
FN:237,(anonymous_18)
FN:247,(anonymous_19)
FN:261,(anonymous_20)
FN:274,(anonymous_21)
FN:286,(anonymous_22)
FN:298,(anonymous_23)
FN:307,(anonymous_24)
FN:321,(anonymous_25)
FN:334,(anonymous_26)
FN:346,(anonymous_27)
FN:355,(anonymous_28)
FNF:29
FNH:29
FNDA:51,(anonymous_0)
FNDA:5,(anonymous_1)
FNDA:4,(anonymous_2)
FNDA:2,(anonymous_3)
FNDA:3,(anonymous_4)
FNDA:2,(anonymous_5)
FNDA:9,(anonymous_6)
FNDA:2,(anonymous_7)
FNDA:2,(anonymous_8)
FNDA:3,(anonymous_9)
FNDA:1,(anonymous_10)
FNDA:8,(anonymous_11)
FNDA:2,(anonymous_12)
FNDA:3,(anonymous_13)
FNDA:2,(anonymous_14)
FNDA:8,(anonymous_15)
FNDA:2,(anonymous_16)
FNDA:2,(anonymous_17)
FNDA:2,(anonymous_18)
FNDA:1,(anonymous_19)
FNDA:9,(anonymous_20)
FNDA:3,(anonymous_21)
FNDA:2,(anonymous_22)
FNDA:2,(anonymous_23)
FNDA:1,(anonymous_24)
FNDA:8,(anonymous_25)
FNDA:3,(anonymous_26)
FNDA:3,(anonymous_27)
FNDA:1,(anonymous_28)
DA:23,51
DA:24,51
DA:25,51
DA:26,51
DA:27,51
DA:31,5
DA:45,4
DA:51,4
DA:55,2
DA:64,3
DA:71,3
DA:75,2
DA:92,9
DA:93,9
DA:94,9
DA:95,9
DA:102,2
DA:115,2
DA:127,3
DA:136,1
DA:153,8
DA:154,8
DA:161,2
DA:172,3
DA:184,2
DA:205,8
DA:206,8
DA:207,8
DA:214,2
DA:227,2
DA:238,2
DA:248,1
DA:266,9
DA:267,9
DA:268,9
DA:275,3
DA:287,2
DA:299,2
DA:308,1
DA:326,8
DA:327,8
DA:328,8
DA:335,3
DA:347,3
DA:356,1
LF:45
LH:45
BRDA:129,0,0,3
BRDA:129,0,1,1
BRDA:174,1,0,2
BRDA:174,1,1,1
BRDA:277,2,0,2
BRDA:277,2,1,1
BRF:6
BRH:6
end_of_record
TN:
SF:src/errors/transport.ts
FN:12,(anonymous_0)
FN:177,mapToTransport
FN:214,mapToHttp
FN:258,mapToWebSocket
FN:275,mapToGrpc
FN:292,mapToTcp
FN:318,mapToGraphQL
FN:334,mapToJsonRpc
FN:381,(anonymous_8)
FN:403,(anonymous_9)
FN:407,(anonymous_10)
FN:411,(anonymous_11)
FN:422,(anonymous_12)
FN:437,(anonymous_13)
FN:441,(anonymous_14)
FN:445,(anonymous_15)
FN:450,(anonymous_16)
FN:464,createTransportAdapter
FNF:18
FNH:18
FNDA:2,(anonymous_0)
FNDA:34,mapToTransport
FNDA:4,mapToHttp
FNDA:4,mapToWebSocket
FNDA:6,mapToGrpc
FNDA:9,mapToTcp
FNDA:7,mapToGraphQL
FNDA:7,mapToJsonRpc
FNDA:11,(anonymous_8)
FNDA:6,(anonymous_9)
FNDA:2,(anonymous_10)
FNDA:1,(anonymous_11)
FNDA:4,(anonymous_12)
FNDA:5,(anonymous_13)
FNDA:2,(anonymous_14)
FNDA:1,(anonymous_15)
FNDA:1,(anonymous_16)
FNDA:3,createTransportAdapter
DA:12,2
DA:13,2
DA:14,2
DA:15,2
DA:16,2
DA:17,2
DA:18,2
DA:96,2
DA:155,2
DA:182,34
DA:184,2
DA:187,2
DA:190,6
DA:193,9
DA:196,7
DA:199,7
DA:202,1
DA:215,4
DA:217,4
DA:222,4
DA:223,0
DA:225,4
DA:226,0
DA:228,4
DA:229,0
DA:231,4
DA:232,0
DA:236,4
DA:237,0
DA:240,4
DA:259,4
DA:260,4
DA:276,6
DA:278,6
DA:293,9
DA:294,9
DA:295,9
DA:298,9
DA:301,9
DA:304,9
DA:307,9
DA:310,9
DA:312,9
DA:319,7
DA:345,7
DA:348,2
DA:349,2
DA:351,2
DA:352,2
DA:355,1
DA:356,1
DA:359,1
DA:360,1
DA:363,1
DA:366,7
DA:381,11
DA:404,6
DA:408,2
DA:412,1
DA:413,1
DA:415,1
DA:416,1
DA:419,1
DA:423,4
DA:425,1
DA:438,5
DA:442,2
DA:446,1
DA:447,1
DA:451,1
DA:453,1
DA:465,3
DA:467,1
DA:470,1
DA:474,1
LF:75
LH:70
BRDA:12,0,0,2
BRDA:12,0,1,2
BRDA:182,1,0,2
BRDA:182,1,1,2
BRDA:182,1,2,6
BRDA:182,1,3,9
BRDA:182,1,4,7
BRDA:182,1,5,7
BRDA:182,1,6,1
BRDA:215,2,0,4
BRDA:215,2,1,0
BRDA:215,2,2,0
BRDA:222,3,0,0
BRDA:222,3,1,4
BRDA:225,4,0,0
BRDA:225,4,1,4
BRDA:228,5,0,0
BRDA:228,5,1,4
BRDA:231,6,0,0
BRDA:231,6,1,4
BRDA:236,7,0,0
BRDA:236,7,1,4
BRDA:236,8,0,4
BRDA:236,8,1,0
BRDA:248,9,0,4
BRDA:248,9,1,0
BRDA:249,10,0,4
BRDA:249,10,1,0
BRDA:259,11,0,4
BRDA:259,11,1,2
BRDA:262,12,0,4
BRDA:262,12,1,2
BRDA:276,13,0,6
BRDA:276,13,1,0
BRDA:283,14,0,6
BRDA:283,14,1,0
BRDA:325,15,0,7
BRDA:325,15,1,1
BRDA:326,16,0,7
BRDA:326,16,1,1
BRDA:345,17,0,2
BRDA:345,17,1,2
BRDA:345,17,2,2
BRDA:345,17,3,1
BRDA:345,17,4,1
BRDA:345,17,5,1
BRDA:345,17,6,1
BRDA:345,17,7,1
BRDA:368,18,0,7
BRDA:368,18,1,2
BRDA:423,19,0,3
BRDA:423,19,1,1
BRDA:426,20,0,1
BRDA:426,20,1,0
BRDA:451,21,0,0
BRDA:451,21,1,1
BRDA:454,22,0,1
BRDA:454,22,1,0
BRDA:465,23,0,1
BRDA:465,23,1,1
BRDA:465,23,2,1
BRF:61
BRH:46
end_of_record
TN:
SF:src/errors/utils.ts
FN:32,tryAsync
FN:54,trySync
FN:76,handleError
FN:108,(anonymous_3)
FN:117,(anonymous_4)
FN:125,(anonymous_5)
FN:126,(anonymous_6)
FN:132,(anonymous_7)
FN:133,(anonymous_8)
FN:139,(anonymous_9)
FN:151,createErrorBoundary
FN:155,(anonymous_11)
FN:179,retryWithBackoff
FN:195,(anonymous_13)
FN:222,(anonymous_14)
FN:238,(anonymous_15)
FN:246,(anonymous_16)
FN:289,(anonymous_17)
FN:299,(anonymous_18)
FN:310,(anonymous_19)
FN:323,(anonymous_20)
FN:352,documentContractErrors
FN:384,(anonymous_22)
FN:390,(anonymous_23)
FN:391,(anonymous_24)
FN:398,(anonymous_25)
FN:399,(anonymous_26)
FN:410,(anonymous_27)
FN:411,(anonymous_28)
FN:418,(anonymous_29)
FN:419,(anonymous_30)
FN:425,(anonymous_31)
FN:426,(anonymous_32)
FN:430,(anonymous_33)
FN:438,(anonymous_34)
FNF:35
FNH:30
FNDA:5,tryAsync
FNDA:4,trySync
FNDA:5,handleError
FNDA:4,(anonymous_3)
FNDA:6,(anonymous_4)
FNDA:1,(anonymous_5)
FNDA:1,(anonymous_6)
FNDA:1,(anonymous_7)
FNDA:1,(anonymous_8)
FNDA:4,(anonymous_9)
FNDA:4,createErrorBoundary
FNDA:4,(anonymous_11)
FNDA:6,retryWithBackoff
FNDA:8,(anonymous_13)
FNDA:8,(anonymous_14)
FNDA:5,(anonymous_15)
FNDA:9,(anonymous_16)
FNDA:3,(anonymous_17)
FNDA:1,(anonymous_18)
FNDA:6,(anonymous_19)
FNDA:7,(anonymous_20)
FNDA:0,documentContractErrors
FNDA:5,(anonymous_22)
FNDA:2,(anonymous_23)
FNDA:4,(anonymous_24)
FNDA:3,(anonymous_25)
FNDA:6,(anonymous_26)
FNDA:2,(anonymous_27)
FNDA:3,(anonymous_28)
FNDA:10,(anonymous_29)
FNDA:13,(anonymous_30)
FNDA:0,(anonymous_31)
FNDA:0,(anonymous_32)
FNDA:0,(anonymous_33)
FNDA:0,(anonymous_34)
DA:36,5
DA:37,5
DA:39,4
DA:40,1
DA:43,3
DA:58,4
DA:59,4
DA:61,3
DA:62,1
DA:65,2
DA:84,5
DA:85,5
DA:87,4
DA:95,4
DA:97,4
DA:98,3
DA:101,1
DA:109,4
DA:118,6
DA:119,6
DA:126,1
DA:133,1
DA:140,4
DA:141,6
DA:142,5
DA:155,4
DA:156,4
DA:157,4
DA:159,3
DA:167,3
DA:168,2
DA:171,3
DA:195,8
DA:197,6
DA:200,6
DA:202,6
DA:203,14
DA:204,14
DA:206,12
DA:214,12
DA:215,4
DA:218,8
DA:219,5
DA:222,8
DA:223,8
DA:227,0
DA:234,5
DA:235,5
DA:236,5
DA:239,5
DA:248,9
DA:252,1
DA:256,9
DA:257,1
DA:264,8
DA:265,8
DA:268,2
DA:269,1
DA:270,1
DA:273,2
DA:275,6
DA:276,6
DA:278,6
DA:279,3
DA:282,6
DA:290,3
DA:300,1
DA:301,1
DA:302,1
DA:311,6
DA:324,7
DA:325,1
DA:328,6
DA:329,6
DA:339,6
DA:340,5
DA:341,1
DA:342,1
DA:344,0
DA:353,0
DA:355,0
DA:356,0
DA:358,0
DA:360,0
DA:362,0
DA:363,0
DA:366,0
DA:367,0
DA:368,0
DA:371,0
DA:372,0
DA:373,0
DA:374,0
DA:378,0
DA:385,5
DA:391,4
DA:392,2
DA:399,3
DA:400,6
DA:404,3
DA:411,3
DA:412,2
DA:419,13
DA:426,0
DA:427,0
DA:428,0
DA:430,0
DA:434,0
DA:436,0
DA:439,0
LF:110
LH:86
BRDA:34,0,0,4
BRDA:39,1,0,1
BRDA:39,1,1,3
BRDA:45,2,0,3
BRDA:45,2,1,0
BRDA:56,3,0,3
BRDA:61,4,0,1
BRDA:61,4,1,2
BRDA:67,5,0,2
BRDA:67,5,1,0
BRDA:87,6,0,3
BRDA:87,6,1,1
BRDA:91,7,0,1
BRDA:91,7,1,0
BRDA:95,8,0,4
BRDA:95,8,1,2
BRDA:97,9,0,3
BRDA:97,9,1,1
BRDA:141,10,0,5
BRDA:141,10,1,1
BRDA:141,11,0,6
BRDA:141,11,1,4
BRDA:159,12,0,1
BRDA:159,12,1,2
BRDA:163,13,0,2
BRDA:163,13,1,0
BRDA:167,14,0,2
BRDA:167,14,1,1
BRDA:181,15,0,2
BRDA:191,16,0,3
BRDA:192,17,0,4
BRDA:193,18,0,5
BRDA:194,19,0,4
BRDA:195,20,0,5
BRDA:206,21,0,12
BRDA:206,21,1,0
BRDA:210,22,0,0
BRDA:210,22,1,0
BRDA:214,23,0,4
BRDA:214,23,1,8
BRDA:214,24,0,12
BRDA:214,24,1,9
BRDA:218,25,0,5
BRDA:218,25,1,3
BRDA:248,26,0,1
BRDA:248,26,1,8
BRDA:249,27,0,9
BRDA:249,27,1,2
BRDA:256,28,0,1
BRDA:256,28,1,8
BRDA:268,29,0,1
BRDA:268,29,1,1
BRDA:278,30,0,3
BRDA:278,30,1,3
BRDA:311,31,0,0
BRDA:324,32,0,1
BRDA:324,32,1,6
BRDA:324,33,0,7
BRDA:324,33,1,2
BRDA:328,34,0,6
BRDA:328,34,1,0
BRDA:333,35,0,6
BRDA:333,35,1,1
BRDA:334,36,0,6
BRDA:334,36,1,1
BRDA:335,37,0,6
BRDA:335,37,1,1
BRDA:336,38,0,6
BRDA:336,38,1,1
BRDA:339,39,0,5
BRDA:339,39,1,1
BRDA:341,40,0,1
BRDA:341,40,1,0
BRDA:358,41,0,0
BRDA:358,41,1,0
BRDA:367,42,0,0
BRDA:367,42,1,0
BRDA:373,43,0,0
BRDA:373,43,1,0
BRDA:400,44,0,2
BRDA:400,44,1,4
BRDA:427,45,0,0
BRDA:427,45,1,0
BRDA:439,46,0,0
BRDA:439,46,1,0
BRF:85
BRH:65
end_of_record
TN:
SF:src/errors/validation.ts
FN:22,(anonymous_0)
FN:44,(anonymous_1)
FN:62,(anonymous_2)
FN:81,(anonymous_3)
FN:92,(anonymous_4)
FN:108,(anonymous_5)
FN:116,(anonymous_6)
FN:123,(anonymous_7)
FN:144,(anonymous_8)
FN:145,(anonymous_9)
FN:151,(anonymous_10)
FN:156,(anonymous_11)
FN:157,(anonymous_12)
FN:163,(anonymous_13)
FN:175,(anonymous_14)
FN:187,(anonymous_15)
FN:209,ValidateInput
FN:210,(anonymous_17)
FN:217,(anonymous_18)
FN:234,ValidateOutput
FN:235,(anonymous_20)
FN:242,(anonymous_21)
FN:264,Validate
FN:268,(anonymous_23)
FN:275,(anonymous_24)
FN:305,createValidationMiddleware
FN:313,(anonymous_26)
FNF:27
FNH:27
FNDA:19,(anonymous_0)
FNDA:12,(anonymous_1)
FNDA:11,(anonymous_2)
FNDA:7,(anonymous_3)
FNDA:13,(anonymous_4)
FNDA:1,(anonymous_5)
FNDA:2,(anonymous_6)
FNDA:1,(anonymous_7)
FNDA:3,(anonymous_8)
FNDA:5,(anonymous_9)
FNDA:1,(anonymous_10)
FNDA:3,(anonymous_11)
FNDA:2,(anonymous_12)
FNDA:1,(anonymous_13)
FNDA:3,(anonymous_14)
FNDA:2,(anonymous_15)
FNDA:3,ValidateInput
FNDA:3,(anonymous_17)
FNDA:3,(anonymous_18)
FNDA:3,ValidateOutput
FNDA:3,(anonymous_20)
FNDA:3,(anonymous_21)
FNDA:3,Validate
FNDA:3,(anonymous_23)
FNDA:3,(anonymous_24)
FNDA:6,createValidationMiddleware
FNDA:6,(anonymous_26)
DA:34,19
DA:39,19
DA:40,19
DA:43,19
DA:44,12
DA:52,7
DA:56,19
DA:70,11
DA:92,13
DA:98,7
DA:113,1
DA:116,2
DA:134,1
DA:145,5
DA:155,1
DA:156,3
DA:157,2
DA:164,1
DA:176,3
DA:181,3
DA:192,2
DA:194,2
DA:195,1
DA:202,1
DA:210,3
DA:215,3
DA:217,3
DA:218,3
DA:220,3
DA:221,1
DA:224,2
DA:227,3
DA:235,3
DA:240,3
DA:242,3
DA:243,3
DA:244,3
DA:246,3
DA:247,2
DA:254,1
DA:257,3
DA:268,3
DA:273,3
DA:275,3
DA:277,3
DA:278,3
DA:279,1
DA:283,2
DA:286,2
DA:287,2
DA:288,1
DA:295,1
DA:298,3
DA:313,6
DA:315,6
DA:317,6
DA:318,1
DA:321,6
DA:326,6
DA:328,6
DA:329,2
DA:331,1
DA:332,1
DA:333,1
DA:339,1
DA:342,4
LF:66
LH:66
BRDA:36,0,0,19
BRDA:36,0,1,0
BRDA:43,1,0,12
BRDA:43,1,1,7
BRDA:52,2,0,7
BRDA:52,2,1,0
BRDA:71,3,0,11
BRDA:71,3,1,10
BRDA:72,4,0,11
BRDA:72,4,1,10
BRDA:95,5,0,13
BRDA:95,5,1,7
BRDA:99,6,0,7
BRDA:99,6,1,7
BRDA:100,7,0,7
BRDA:100,7,1,6
BRDA:178,8,0,3
BRDA:178,8,1,2
BRDA:194,9,0,1
BRDA:194,9,1,1
BRDA:220,10,0,1
BRDA:220,10,1,2
BRDA:246,11,0,2
BRDA:246,11,1,1
BRDA:278,12,0,1
BRDA:278,12,1,2
BRDA:287,13,0,1
BRDA:287,13,1,1
BRDA:317,14,0,1
BRDA:317,14,1,5
BRDA:317,15,0,6
BRDA:317,15,1,1
BRDA:321,16,0,0
BRDA:321,16,1,6
BRDA:328,17,0,2
BRDA:328,17,1,4
BRDA:329,18,0,1
BRDA:329,18,1,1
BRDA:332,19,0,1
BRDA:332,19,1,0
BRF:40
BRH:36
end_of_record
